<?xml version="1.0" encoding="UTF-8"?>
<!-- Generated by org.testng.reporters.JUnitReportReporter -->
<testsuite skipped="0" hostname="Alexanders-MacBook-Pro.local" name="tests.FirstTest" tests="1" failures="0" timestamp="21 Apr 2020 03:58:26 GMT" time="0.004" errors="0">
  <testcase name="f" time="0.004" classname="tests.FirstTest"/>
</testsuite> <!-- tests.FirstTest -->
