<?xml version="1.0" encoding="UTF-8"?>
<!-- Generated by org.testng.reporters.JUnitReportReporter -->
<testsuite skipped="0" hostname="Alexanders-MacBook-Pro.local" name="tests.WifiPreferenceTest" tests="1" failures="0" timestamp="21 Apr 2020 05:28:04 GMT" time="6.549" errors="0">
  <testcase name="checkWifi" time="6.549" classname="tests.WifiPreferenceTest"/>
</testsuite> <!-- tests.WifiPreferenceTest -->
